Arguments: 
  C:\Program Files\nodejs\node.exe C:\Users\User\AppData\Roaming\npm\node_modules\yarn\bin\yarn.js add gh-pages — save-dev

PATH: 
  C:\Program Files (x86)\NVIDIA Corporation\PhysX\Common;C:\Python310\Scripts\;C:\Python310\;C:\Program Files (x86)\Common Files\Intel\Shared Libraries\redist\intel64_win\compiler;C:\Windows\System32;C:\ProgramData\Oracle\Java\javapath;C:\Program Files\maven\\bin;C:\Windows;C:\php7;C:\Users\User\AppData\Local\Programs\Python\Python38\Scripts\;C:\Program Files\Git\cmd;C:\WINDOWS\system32;C:\WINDOWS;C:\WINDOWS\System32\Wbem;C:\WINDOWS\System32\WindowsPowerShell\v1.0\;C:\WINDOWS\System32\OpenSSH\;C:\Program Files\nodejs\;C:\ProgramData\chocolatey\bin;C:\Program Files\MATLAB\R2019a\bin;C:\Users\User\AppData\Local\Programs\Python\Python39\Scripts\;C:\Users\User\AppData\Local\Programs\Python\Python39\;C:\Program Files\MySQL\MySQL Shell 8.0\bin\;C:\Users\User\AppData\Local\Microsoft\WindowsApps;C:\Program Files\JetBrains\PyCharm Community Edition 2019.3.3\bin;C:\Program Files\JetBrains\IntelliJ IDEA Community Edition 2019.3.4\bin;C:\Users\User\AppData\Local\atom\bin;C:\Users\User\AppData\Local\GitHubDesktop\bin;C:\Program Files\JetBrains\IntelliJ IDEA Community Edition 2020.2\bin;;C:\Program Files\JetBrains\PyCharm Community Edition 2021.3\bin;;C:\Users\User\AppData\Local\Microsoft\WindowsApps;C:\Users\User\AppData\Local\Programs\Microsoft VS Code\bin;;C:\Program Files\JetBrains\PyCharm 2021.2.3\bin;;C:\Users\User\AppData\Roaming\npm

Yarn version: 
  1.22.10

Node version: 
  16.13.2

Platform: 
  win32 x64

Trace: 
  TypeError [ERR_UNESCAPED_CHARACTERS]: https://registry.yarnpkg.com/—: Request path contains unescaped characters
      at new NodeError (node:internal/errors:371:5)
      at new ClientRequest (node:_http_client:154:13)
      at Object.request (node:https:353:10)
      at Request.module.exports.Request.start (C:\Users\User\AppData\Roaming\npm\node_modules\yarn\lib\cli.js:141224:32)
      at Request.module.exports.Request.end (C:\Users\User\AppData\Roaming\npm\node_modules\yarn\lib\cli.js:141983:10)
      at end (C:\Users\User\AppData\Roaming\npm\node_modules\yarn\lib\cli.js:141037:14)
      at Immediate.<anonymous> (C:\Users\User\AppData\Roaming\npm\node_modules\yarn\lib\cli.js:141051:7)
      at processImmediate (node:internal/timers:464:21)

npm manifest: 
  {
    "name": "react-redux-saga",
    "version": "0.1.0",
    "private": true,
    "dependencies": {
      "@reduxjs/toolkit": "^1.7.1",
      "@testing-library/jest-dom": "^5.16.1",
      "@testing-library/react": "^12.1.2",
      "@testing-library/user-event": "^13.5.0",
      "react": "^17.0.2",
      "react-dom": "^17.0.2",
      "react-icons": "^4.3.1",
      "react-redux": "^7.2.6",
      "react-router-dom": "^6.2.1",
      "react-scripts": "5.0.0",
      "redux": "^4.1.2",
      "redux-devtools-extension": "^2.13.9",
      "redux-saga": "^1.1.3",
      "redux-thunk": "^2.4.1",
      "web-vitals": "^2.1.4"
    },
    "scripts": {
      "start": "react-scripts start",
      "build": "react-scripts build",
      "test": "react-scripts test",
      "eject": "react-scripts eject"
    },
    "eslintConfig": {
      "extends": [
        "react-app",
        "react-app/jest"
      ]
    },
    "browserslist": {
      "production": [
        ">0.2%",
        "not dead",
        "not op_mini all"
      ],
      "development": [
        "last 1 chrome version",
        "last 1 firefox version",
        "last 1 safari version"
      ]
    }
  }

yarn manifest: 
  No manifest

Lockfile: 
  No lockfile
